This is pdfTeX, Version 3.141592653-2.6-1.40.24 (MiKTeX 22.1) (preloaded format=pdflatex 2023.12.27)  24 MAR 2024 01:06
entering extended mode
 restricted \write18 enabled.
 file:line:error style messages enabled.
 %&-line parsing enabled.
**/Users/Hashim/Documents/MX-Project/project_report/Pi-Deeponet/main.tex
(/Users/Hashim/Documents/MX-Project/project_report/Pi-Deeponet/main.tex
LaTeX2e <2023-11-01>
L3 programming layer <2023-12-11>
(/Users/Hashim/Library/Application Support/MiKTeX/texmfs/install/tex/latex/base/article.cls
Document Class: article 2023/05/17 v1.4n Standard LaTeX document class
(/Users/Hashim/Library/Application Support/MiKTeX/texmfs/install/tex/latex/base/size12.clo
File: size12.clo 2023/05/17 v1.4n Standard LaTeX file (size option)
)
\c@part=\count187
\c@section=\count188
\c@subsection=\count189
\c@subsubsection=\count190
\c@paragraph=\count191
\c@subparagraph=\count192
\c@figure=\count193
\c@table=\count194
\abovecaptionskip=\skip48
\belowcaptionskip=\skip49
\bibindent=\dimen140
) (/Users/Hashim/Library/Application Support/MiKTeX/texmfs/install/tex/latex/cite/cite.sty
LaTeX Info: Redefining \cite on input line 302.
LaTeX Info: Redefining \nocite on input line 332.
Package: cite 2015/02/27  v 5.5
) (/Users/Hashim/Library/Application Support/MiKTeX/texmfs/install/tex/latex/bookmark/bookmark.sty
Package: bookmark 2023-12-10 v1.31 PDF bookmarks (HO)
 (/Users/Hashim/Library/Application Support/MiKTeX/texmfs/install/tex/latex/hyperref/hyperref.sty
Package: hyperref 2023-11-26 v7.01g Hypertext links for LaTeX
 (/Users/Hashim/Library/Application Support/MiKTeX/texmfs/install/tex/generic/iftex/iftex.sty
Package: iftex 2022/02/03 v1.0f TeX engine tests
) (/Users/Hashim/Library/Application Support/MiKTeX/texmfs/install/tex/generic/infwarerr/infwarerr.sty
Package: infwarerr 2019/12/03 v1.5 Providing info/warning/error messages (HO)
) (/Users/Hashim/Library/Application Support/MiKTeX/texmfs/install/tex/latex/graphics/keyval.sty
Package: keyval 2022/05/29 v1.15 key=value parser (DPC)
\KV@toks@=\toks17
) (/Users/Hashim/Library/Application Support/MiKTeX/texmfs/install/tex/latex/kvsetkeys/kvsetkeys.sty
Package: kvsetkeys 2022-10-05 v1.19 Key value parser (HO)
) (/Users/Hashim/Library/Application Support/MiKTeX/texmfs/install/tex/generic/kvdefinekeys/kvdefinekeys.sty
Package: kvdefinekeys 2019-12-19 v1.6 Define keys (HO)
) (/Users/Hashim/Library/Application Support/MiKTeX/texmfs/install/tex/generic/pdfescape/pdfescape.sty
Package: pdfescape 2019/12/09 v1.15 Implements pdfTeX's escape features (HO)
 (/Users/Hashim/Library/Application Support/MiKTeX/texmfs/install/tex/generic/ltxcmds/ltxcmds.sty
Package: ltxcmds 2023-12-04 v1.26 LaTeX kernel commands for general use (HO)
) (/Users/Hashim/Library/Application Support/MiKTeX/texmfs/install/tex/generic/pdftexcmds/pdftexcmds.sty
Package: pdftexcmds 2020-06-27 v0.33 Utility functions of pdfTeX for LuaTeX (HO)
Package pdftexcmds Info: \pdf@primitive is available.
Package pdftexcmds Info: \pdf@ifprimitive is available.
Package pdftexcmds Info: \pdfdraftmode found.
)) (/Users/Hashim/Library/Application Support/MiKTeX/texmfs/install/tex/latex/hycolor/hycolor.sty
Package: hycolor 2020-01-27 v1.10 Color options for hyperref/bookmark (HO)
) (/Users/Hashim/Library/Application Support/MiKTeX/texmfs/install/tex/latex/letltxmacro/letltxmacro.sty
Package: letltxmacro 2019/12/03 v1.6 Let assignment for LaTeX macros (HO)
) (/Users/Hashim/Library/Application Support/MiKTeX/texmfs/install/tex/latex/auxhook/auxhook.sty
Package: auxhook 2019-12-17 v1.6 Hooks for auxiliary files (HO)
) (/Users/Hashim/Library/Application Support/MiKTeX/texmfs/install/tex/latex/hyperref/nameref.sty
Package: nameref 2023-11-26 v2.56 Cross-referencing by name of section
 (/Users/Hashim/Library/Application Support/MiKTeX/texmfs/install/tex/latex/refcount/refcount.sty
Package: refcount 2019/12/15 v3.6 Data extraction from label references (HO)
) (/Users/Hashim/Library/Application Support/MiKTeX/texmfs/install/tex/generic/gettitlestring/gettitlestring.sty
Package: gettitlestring 2019/12/15 v1.6 Cleanup title references (HO)
 (/Users/Hashim/Library/Application Support/MiKTeX/texmfs/install/tex/latex/kvoptions/kvoptions.sty
Package: kvoptions 2022-06-15 v3.15 Key value format for package options (HO)
))
\c@section@level=\count195
) (/Users/Hashim/Library/Application Support/MiKTeX/texmfs/install/tex/latex/etoolbox/etoolbox.sty
Package: etoolbox 2020/10/05 v2.5k e-TeX tools for LaTeX (JAW)
\etb@tempcnta=\count196
)
\@linkdim=\dimen141
\Hy@linkcounter=\count197
\Hy@pagecounter=\count198
 (/Users/Hashim/Library/Application Support/MiKTeX/texmfs/install/tex/latex/hyperref/pd1enc.def
File: pd1enc.def 2023-11-26 v7.01g Hyperref: PDFDocEncoding definition (HO)
Now handling font encoding PD1 ...
... no UTF-8 mapping file for font encoding PD1
) (/Users/Hashim/Library/Application Support/MiKTeX/texmfs/install/tex/generic/intcalc/intcalc.sty
Package: intcalc 2019/12/15 v1.3 Expandable calculations with integers (HO)
)
\Hy@SavedSpaceFactor=\count199
 (/Users/Hashim/Library/Application Support/MiKTeX/texmfs/install/tex/latex/hyperref/puenc.def
File: puenc.def 2023-11-26 v7.01g Hyperref: PDF Unicode definition (HO)
Now handling font encoding PU ...
... no UTF-8 mapping file for font encoding PU
)
Package hyperref Info: Hyper figures OFF on input line 4181.
Package hyperref Info: Link nesting OFF on input line 4186.
Package hyperref Info: Hyper index ON on input line 4189.
Package hyperref Info: Plain pages OFF on input line 4196.
Package hyperref Info: Backreferencing OFF on input line 4201.
Package hyperref Info: Implicit mode ON; LaTeX internals redefined.
Package hyperref Info: Bookmarks ON on input line 4448.
\c@Hy@tempcnt=\count266
 (/Users/Hashim/Library/Application Support/MiKTeX/texmfs/install/tex/latex/url/url.sty
\Urlmuskip=\muskip16
Package: url 2013/09/16  ver 3.4  Verb mode for urls, etc.
)
LaTeX Info: Redefining \url on input line 4786.
\XeTeXLinkMargin=\dimen142
 (/Users/Hashim/Library/Application Support/MiKTeX/texmfs/install/tex/generic/bitset/bitset.sty
Package: bitset 2019/12/09 v1.3 Handle bit-vector datatype (HO)
 (/Users/Hashim/Library/Application Support/MiKTeX/texmfs/install/tex/generic/bigintcalc/bigintcalc.sty
Package: bigintcalc 2019/12/15 v1.5 Expandable calculations on big integers (HO)
))
\Fld@menulength=\count267
\Field@Width=\dimen143
\Fld@charsize=\dimen144
Package hyperref Info: Hyper figures OFF on input line 6065.
Package hyperref Info: Link nesting OFF on input line 6070.
Package hyperref Info: Hyper index ON on input line 6073.
Package hyperref Info: backreferencing OFF on input line 6080.
Package hyperref Info: Link coloring OFF on input line 6085.
Package hyperref Info: Link coloring with OCG OFF on input line 6090.
Package hyperref Info: PDF/A mode OFF on input line 6095.
 (/Users/Hashim/Library/Application Support/MiKTeX/texmfs/install/tex/latex/base/atbegshi-ltx.sty
Package: atbegshi-ltx 2021/01/10 v1.0c Emulation of the original atbegshi
package with kernel methods
)
\Hy@abspage=\count268
\c@Item=\count269
\c@Hfootnote=\count270
)
Package hyperref Info: Driver (autodetected): hpdftex.
 (/Users/Hashim/Library/Application Support/MiKTeX/texmfs/install/tex/latex/hyperref/hpdftex.def
File: hpdftex.def 2023-11-26 v7.01g Hyperref driver for pdfTeX
 (/Users/Hashim/Library/Application Support/MiKTeX/texmfs/install/tex/latex/base/atveryend-ltx.sty
Package: atveryend-ltx 2020/08/19 v1.0a Emulation of the original atveryend package
with kernel methods
)
\Fld@listcount=\count271
\c@bookmark@seq@number=\count272
 (/Users/Hashim/Library/Application Support/MiKTeX/texmfs/install/tex/latex/rerunfilecheck/rerunfilecheck.sty
Package: rerunfilecheck 2022-07-10 v1.10 Rerun checks for auxiliary files (HO)
 (/Users/Hashim/Library/Application Support/MiKTeX/texmfs/install/tex/generic/uniquecounter/uniquecounter.sty
Package: uniquecounter 2019/12/15 v1.4 Provide unlimited unique counter (HO)
)
Package uniquecounter Info: New unique counter `rerunfilecheck' on input line 285.
)
\Hy@SectionHShift=\skip50
) (/Users/Hashim/Library/Application Support/MiKTeX/texmfs/install/tex/latex/bookmark/bkm-pdftex.def
File: bkm-pdftex.def 2023-12-10 v1.31 bookmark driver for pdfTeX and luaTeX (HO)
\BKM@id=\count273
)) (/Users/Hashim/Library/Application Support/MiKTeX/texmfs/install/tex/latex/geometry/geometry.sty
Package: geometry 2020/01/02 v5.9 Page Geometry
 (/Users/Hashim/Library/Application Support/MiKTeX/texmfs/install/tex/generic/iftex/ifvtex.sty
Package: ifvtex 2019/10/25 v1.7 ifvtex legacy package. Use iftex instead.
)
\Gm@cnth=\count274
\Gm@cntv=\count275
\c@Gm@tempcnt=\count276
\Gm@bindingoffset=\dimen145
\Gm@wd@mp=\dimen146
\Gm@odd@mp=\dimen147
\Gm@even@mp=\dimen148
\Gm@layoutwidth=\dimen149
\Gm@layoutheight=\dimen150
\Gm@layouthoffset=\dimen151
\Gm@layoutvoffset=\dimen152
\Gm@dimlist=\toks18
 (/Users/Hashim/Library/Application Support/MiKTeX/texmfs/install/tex/latex/geometry/geometry.cfg)) (/Users/Hashim/Library/Application Support/MiKTeX/texmfs/install/tex/generic/babel/babel.sty
Package: babel 2023/12/10 v3.99 The Babel package
\babel@savecnt=\count277
\U@D=\dimen153
\l@unhyphenated=\language1
 (/Users/Hashim/Library/Application Support/MiKTeX/texmfs/install/tex/generic/babel/txtbabel.def)
\bbl@readstream=\read2
\bbl@dirlevel=\count278

*************************************
* Local config file bblopts.cfg used
*
(/Users/Hashim/Library/Application Support/MiKTeX/texmfs/install/tex/latex/arabi/bblopts.cfg
File: bblopts.cfg 2005/09/08 v0.1 add Arabic and Farsi to "declared" options of babel
) (/Users/Hashim/Library/Application Support/MiKTeX/texmfs/install/tex/latex/babel-english/english.ldf
Language: english 2017/06/06 v3.3r English support from the babel system
)) (/Users/Hashim/Library/Application Support/MiKTeX/texmfs/install/tex/generic/babel/locale/en/babel-english.tex
Package babel Info: Importing font and identification data for english
(babel)             from babel-en.ini. Reported on input line 11.
) (/Users/Hashim/Library/Application Support/MiKTeX/texmfs/install/tex/latex/microtype/microtype.sty
Package: microtype 2023/03/13 v3.1a Micro-typographical refinements (RS)
\MT@toks=\toks19
\MT@tempbox=\box51
\MT@count=\count279
LaTeX Info: Redefining \noprotrusionifhmode on input line 1059.
LaTeX Info: Redefining \leftprotrusion on input line 1060.
\MT@prot@toks=\toks20
LaTeX Info: Redefining \rightprotrusion on input line 1078.
LaTeX Info: Redefining \textls on input line 1368.
\MT@outer@kern=\dimen154
LaTeX Info: Redefining \textmicrotypecontext on input line 1988.
\MT@listname@count=\count280
 (/Users/Hashim/Library/Application Support/MiKTeX/texmfs/install/tex/latex/microtype/microtype-pdftex.def
File: microtype-pdftex.def 2023/03/13 v3.1a Definitions specific to pdftex (RS)
LaTeX Info: Redefining \lsstyle on input line 902.
LaTeX Info: Redefining \lslig on input line 902.
\MT@outer@space=\skip51
)
Package microtype Info: Loading configuration file microtype.cfg.
 (/Users/Hashim/Library/Application Support/MiKTeX/texmfs/install/tex/latex/microtype/microtype.cfg
File: microtype.cfg 2023/03/13 v3.1a microtype main configuration file (RS)
)) (/Users/Hashim/Library/Application Support/MiKTeX/texmfs/install/tex/latex/graphics/graphicx.sty
Package: graphicx 2021/09/16 v1.2d Enhanced LaTeX Graphics (DPC,SPQR)
 (/Users/Hashim/Library/Application Support/MiKTeX/texmfs/install/tex/latex/graphics/graphics.sty
Package: graphics 2022/03/10 v1.4e Standard LaTeX Graphics (DPC,SPQR)
 (/Users/Hashim/Library/Application Support/MiKTeX/texmfs/install/tex/latex/graphics/trig.sty
Package: trig 2021/08/11 v1.11 sin cos tan (DPC)
) (/Users/Hashim/Library/Application Support/MiKTeX/texmfs/install/tex/latex/graphics-cfg/graphics.cfg
File: graphics.cfg 2016/06/04 v1.11 sample graphics configuration
)
Package graphics Info: Driver file: pdftex.def on input line 107.
 (/Users/Hashim/Library/Application Support/MiKTeX/texmfs/install/tex/latex/graphics-def/pdftex.def
File: pdftex.def 2022/09/22 v1.2b Graphics/color driver for pdftex
))
\Gin@req@height=\dimen155
\Gin@req@width=\dimen156
) (/Users/Hashim/Library/Application Support/MiKTeX/texmfs/install/tex/latex/setspace/setspace.sty
Package: setspace 2022/12/04 v6.7b set line spacing
) (/Users/Hashim/Library/Application Support/MiKTeX/texmfs/install/tex/latex/parskip/parskip.sty
Package: parskip 2021-03-14 v2.0h non-zero parskip adjustments
) (/Users/Hashim/Library/Application Support/MiKTeX/texmfs/install/tex/latex/amsmath/amsmath.sty
Package: amsmath 2023/05/13 v2.17o AMS math features
\@mathmargin=\skip52

For additional information on amsmath, use the `?' option.
(/Users/Hashim/Library/Application Support/MiKTeX/texmfs/install/tex/latex/amsmath/amstext.sty
Package: amstext 2021/08/26 v2.01 AMS text
 (/Users/Hashim/Library/Application Support/MiKTeX/texmfs/install/tex/latex/amsmath/amsgen.sty
File: amsgen.sty 1999/11/30 v2.0 generic functions
\@emptytoks=\toks21
\ex@=\dimen157
)) (/Users/Hashim/Library/Application Support/MiKTeX/texmfs/install/tex/latex/amsmath/amsbsy.sty
Package: amsbsy 1999/11/29 v1.2d Bold Symbols
\pmbraise@=\dimen158
) (/Users/Hashim/Library/Application Support/MiKTeX/texmfs/install/tex/latex/amsmath/amsopn.sty
Package: amsopn 2022/04/08 v2.04 operator names
)
\inf@bad=\count281
LaTeX Info: Redefining \frac on input line 234.
\uproot@=\count282
\leftroot@=\count283
LaTeX Info: Redefining \overline on input line 399.
LaTeX Info: Redefining \colon on input line 410.
\classnum@=\count284
\DOTSCASE@=\count285
LaTeX Info: Redefining \ldots on input line 496.
LaTeX Info: Redefining \dots on input line 499.
LaTeX Info: Redefining \cdots on input line 620.
\Mathstrutbox@=\box52
\strutbox@=\box53
LaTeX Info: Redefining \big on input line 722.
LaTeX Info: Redefining \Big on input line 723.
LaTeX Info: Redefining \bigg on input line 724.
LaTeX Info: Redefining \Bigg on input line 725.
\big@size=\dimen159
LaTeX Font Info:    Redeclaring font encoding OML on input line 743.
LaTeX Font Info:    Redeclaring font encoding OMS on input line 744.
\macc@depth=\count286
LaTeX Info: Redefining \bmod on input line 905.
LaTeX Info: Redefining \pmod on input line 910.
LaTeX Info: Redefining \smash on input line 940.
LaTeX Info: Redefining \relbar on input line 970.
LaTeX Info: Redefining \Relbar on input line 971.
\c@MaxMatrixCols=\count287
\dotsspace@=\muskip17
\c@parentequation=\count288
\dspbrk@lvl=\count289
\tag@help=\toks22
\row@=\count290
\column@=\count291
\maxfields@=\count292
\andhelp@=\toks23
\eqnshift@=\dimen160
\alignsep@=\dimen161
\tagshift@=\dimen162
\tagwidth@=\dimen163
\totwidth@=\dimen164
\lineht@=\dimen165
\@envbody=\toks24
\multlinegap=\skip53
\multlinetaggap=\skip54
\mathdisplay@stack=\toks25
LaTeX Info: Redefining \[ on input line 2953.
LaTeX Info: Redefining \] on input line 2954.
) (/Users/Hashim/Library/Application Support/MiKTeX/texmfs/install/tex/latex/amsfonts/amssymb.sty
Package: amssymb 2013/01/14 v3.01 AMS font symbols
 (/Users/Hashim/Library/Application Support/MiKTeX/texmfs/install/tex/latex/amsfonts/amsfonts.sty
Package: amsfonts 2013/01/14 v3.01 Basic AMSFonts support
\symAMSa=\mathgroup4
\symAMSb=\mathgroup5
LaTeX Font Info:    Redeclaring math symbol \hbar on input line 98.
LaTeX Font Info:    Overwriting math alphabet `\mathfrak' in version `bold'
(Font)                  U/euf/m/n --> U/euf/b/n on input line 106.
)) (/Users/Hashim/Library/Application Support/MiKTeX/texmfs/install/tex/latex/float/float.sty
Package: float 2001/11/08 v1.3d Float enhancements (AL)
\c@float@type=\count293
\float@exts=\toks26
\float@box=\box54
\@float@everytoks=\toks27
\@floatcapt=\box55
)
Package hyperref Info: Option `colorlinks' set `true' on input line 32.
 (/Users/Hashim/Library/Application Support/MiKTeX/texmfs/install/tex/latex/l3backend/l3backend-pdftex.def
File: l3backend-pdftex.def 2023-11-09 L3 backend support: PDF output (pdfTeX)
\l__color_backend_stack_int=\count294
\l__pdf_internal_box=\box56
) (main.aux (cover-page.aux))
\openout1 = `main.aux'.

LaTeX Font Info:    Checking defaults for OML/cmm/m/it on input line 34.
LaTeX Font Info:    ... okay on input line 34.
LaTeX Font Info:    Checking defaults for OMS/cmsy/m/n on input line 34.
LaTeX Font Info:    ... okay on input line 34.
LaTeX Font Info:    Checking defaults for OT1/cmr/m/n on input line 34.
LaTeX Font Info:    ... okay on input line 34.
LaTeX Font Info:    Checking defaults for T1/cmr/m/n on input line 34.
LaTeX Font Info:    ... okay on input line 34.
LaTeX Font Info:    Checking defaults for TS1/cmr/m/n on input line 34.
LaTeX Font Info:    ... okay on input line 34.
LaTeX Font Info:    Checking defaults for OMX/cmex/m/n on input line 34.
LaTeX Font Info:    ... okay on input line 34.
LaTeX Font Info:    Checking defaults for U/cmr/m/n on input line 34.
LaTeX Font Info:    ... okay on input line 34.
LaTeX Font Info:    Checking defaults for PD1/pdf/m/n on input line 34.
LaTeX Font Info:    ... okay on input line 34.
LaTeX Font Info:    Checking defaults for PU/pdf/m/n on input line 34.
LaTeX Font Info:    ... okay on input line 34.
 (/Users/Hashim/Library/Application Support/MiKTeX/texmfs/install/tex/latex/graphics/color.sty
Package: color 2022/01/06 v1.3d Standard LaTeX Color (DPC)
 (/Users/Hashim/Library/Application Support/MiKTeX/texmfs/install/tex/latex/graphics-cfg/color.cfg
File: color.cfg 2016/01/02 v1.6 sample color configuration
)
Package color Info: Driver file: pdftex.def on input line 149.
 (/Users/Hashim/Library/Application Support/MiKTeX/texmfs/install/tex/latex/graphics/mathcolor.ltx))
Package hyperref Info: Link coloring ON on input line 34.

*geometry* driver: auto-detecting
*geometry* detected driver: pdftex
*geometry* verbose mode - [ preamble ] result:
* driver: pdftex
* paper: a4paper
* layout: <same size as paper>
* layoutoffset:(h,v)=(0.0pt,0.0pt)
* modes: 
* h-part:(L,W,R)=(81.94394pt, 433.62pt, 81.94394pt)
* v-part:(T,H,B)=(106.75473pt, 578.15999pt, 160.13213pt)
* \paperwidth=597.50787pt
* \paperheight=845.04684pt
* \textwidth=433.62pt
* \textheight=578.15999pt
* \oddsidemargin=9.67395pt
* \evensidemargin=9.67395pt
* \topmargin=-2.51526pt
* \headheight=12.0pt
* \headsep=25.0pt
* \topskip=12.0pt
* \footskip=30.0pt
* \marginparwidth=35.0pt
* \marginparsep=10.0pt
* \columnsep=10.0pt
* \skip\footins=10.8pt plus 4.0pt minus 2.0pt
* \hoffset=0.0pt
* \voffset=0.0pt
* \mag=1000
* \@twocolumnfalse
* \@twosidefalse
* \@mparswitchfalse
* \@reversemarginfalse
* (1in=72.27pt=25.4mm, 1cm=28.453pt)

LaTeX Info: Redefining \microtypecontext on input line 34.
Package microtype Info: Applying patch `item' on input line 34.
Package microtype Info: Applying patch `toc' on input line 34.
Package microtype Info: Applying patch `eqnum' on input line 34.

Package microtype Warning: Unable to apply patch `footnote' on input line 34.

Package microtype Info: Applying patch `verbatim' on input line 34.
Package microtype Info: Generating PDF output.
Package microtype Info: Character protrusion enabled (level 2).
Package microtype Info: Using default protrusion set `alltext'.
Package microtype Info: Automatic font expansion enabled (level 2),
(microtype)             stretch: 20, shrink: 20, step: 1, non-selected.
Package microtype Info: Using default expansion set `alltext-nott'.
LaTeX Info: Redefining \showhyphens on input line 34.
Package microtype Info: No adjustment of tracking.
Package microtype Info: No adjustment of interword spacing.
Package microtype Info: No adjustment of character kerning.
Package microtype Info: Redefining babel's language switching commands.
(/Users/Hashim/Library/Application Support/MiKTeX/texmfs/install/tex/latex/microtype/mt-cmr.cfg
File: mt-cmr.cfg 2013/05/19 v2.2 microtype config. file: Computer Modern Roman (RS)
) (/Users/Hashim/Library/Application Support/MiKTeX/texmfs/install/tex/context/base/mkii/supp-pdf.mkii
[Loading MPS to PDF converter (version 2006.09.02).]
\scratchcounter=\count295
\scratchdimen=\dimen166
\scratchbox=\box57
\nofMPsegments=\count296
\nofMParguments=\count297
\everyMPshowfont=\toks28
\MPscratchCnt=\count298
\MPscratchDim=\dimen167
\MPnumerator=\count299
\makeMPintoPDFobject=\count300
\everyMPtoPDFconversion=\toks29
) (/Users/Hashim/Library/Application Support/MiKTeX/texmfs/install/tex/latex/epstopdf-pkg/epstopdf-base.sty
Package: epstopdf-base 2020-01-24 v2.11 Base part for package epstopdf
Package epstopdf-base Info: Redefining graphics rule for `.eps' on input line 485.
 (/Users/Hashim/Library/Application Support/MiKTeX/texmfs/install/tex/latex/00miktex/epstopdf-sys.cfg
File: epstopdf-sys.cfg 2021/03/18 v2.0 Configuration of epstopdf for MiKTeX
))
\openout2 = `cover-page.aux'.

 (cover-page.tex
<images/KFUPM_LOGO.png, id=3, 1204.5pt x 1120.185pt>
File: images/KFUPM_LOGO.png Graphic file (type png)
<use images/KFUPM_LOGO.png>
Package pdftex.def Info: images/KFUPM_LOGO.png  used on input line 14.
(pdftex.def)             Requested size: 200.75073pt x 186.68564pt.
LaTeX Font Info:    Trying to load font information for U+msa on input line 28.
 (/Users/Hashim/Library/Application Support/MiKTeX/texmfs/install/tex/latex/amsfonts/umsa.fd
File: umsa.fd 2013/01/14 v3.01 AMS symbols A
) (/Users/Hashim/Library/Application Support/MiKTeX/texmfs/install/tex/latex/microtype/mt-msa.cfg
File: mt-msa.cfg 2006/02/04 v1.1 microtype config. file: AMS symbols (a) (RS)
)
LaTeX Font Info:    Trying to load font information for U+msb on input line 28.
 (/Users/Hashim/Library/Application Support/MiKTeX/texmfs/install/tex/latex/amsfonts/umsb.fd
File: umsb.fd 2013/01/14 v3.01 AMS symbols B
) (/Users/Hashim/Library/Application Support/MiKTeX/texmfs/install/tex/latex/microtype/mt-msb.cfg
File: mt-msb.cfg 2005/06/01 v1.0 microtype config. file: AMS symbols (b) (RS)
)) [1


{/Users/Hashim/Library/Application Support/MiKTeX/texmfs/data/fonts/map/pdftex/pdftex.map} <./images/KFUPM_LOGO.png>] [2


]
Overfull \hbox (2.56395pt too wide) in paragraph at lines 94--96
\OT1/cmr/m/n/12 (-20) We will consider the 1D Poisson equation as a case study to illustrate the implementation
 []

[3] [4] [5]
Overfull \hbox (15.44768pt too wide) detected at line 216
\OML/cmm/m/it/12 G[]\OT1/cmr/m/n/12 (\OML/cmm/m/it/12 f[]\OT1/cmr/m/n/12 )(\OML/cmm/m/it/12 p[]\OT1/cmr/m/n/12 ) = \OML/cmm/m/it/12 u[]\OT1/cmr/m/n/12 (\OML/cmm/m/it/12 p[]\OT1/cmr/m/n/12 ) = [] \OMS/cmsy/m/n/12  [] \OT1/cmr/m/n/12 = [] \OML/cmm/m/it/12 u[]b[]
 []

<./images/pideeponet_case1_result.png, id=46, 642.4803pt x 281.853pt>
File: ./images/pideeponet_case1_result.png Graphic file (type png)
<use ./images/pideeponet_case1_result.png>
Package pdftex.def Info: ./images/pideeponet_case1_result.png  used on input line 226.
(pdftex.def)             Requested size: 433.62pt x 190.22966pt.
[6]
<./images/pideeponet_case2_result.png, id=54, 642.4803pt x 281.853pt>
File: ./images/pideeponet_case2_result.png Graphic file (type png)
<use ./images/pideeponet_case2_result.png>
Package pdftex.def Info: ./images/pideeponet_case2_result.png  used on input line 241.
(pdftex.def)             Requested size: 433.62pt x 190.22966pt.
 [7
pdfTeX warning (ext4): destination with the same identifier (name{figure.1}) has been already used, duplicate ignored
<argument> ...shipout:D \box_use:N \l_shipout_box 
                                                  \__shipout_drop_firstpage_...
l.245 
       <./images/pideeponet_case1_result.png>]
<./images/pideeponet_case3_result.png, id=63, 642.4803pt x 281.853pt>
File: ./images/pideeponet_case3_result.png Graphic file (type png)
<use ./images/pideeponet_case3_result.png>
Package pdftex.def Info: ./images/pideeponet_case3_result.png  used on input line 256.
(pdftex.def)             Requested size: 433.62pt x 190.22966pt.
 [8
pdfTeX warning (ext4): destination with the same identifier (name{figure.2}) has been already used, duplicate ignored
<argument> ...shipout:D \box_use:N \l_shipout_box 
                                                  \__shipout_drop_firstpage_...
l.260 \section
              *{CONCLUSION} <./images/pideeponet_case2_result.png>] [9
pdfTeX warning (ext4): destination with the same identifier (name{figure.3}) has been already used, duplicate ignored
<argument> ...shipout:D \box_use:N \l_shipout_box 
                                                  \__shipout_drop_firstpage_...
l.269 \newpage
               <./images/pideeponet_case3_result.png>] [10] (main.bbl) [11] (main.aux (cover-page.aux))
 ***********
LaTeX2e <2023-11-01>
L3 programming layer <2023-12-11>
 ***********
 ) 
Here is how much of TeX's memory you used:
 13794 strings out of 476429
 224947 string characters out of 2793476
 1938457 words of memory out of 3000000
 35517 multiletter control sequences out of 15000+600000
 570122 words of font info for 119 fonts, out of 8000000 for 9000
 0 hyphenation exceptions out of 8191
 89i,8n,93p,1063b,463s stack positions out of 5000i,500n,10000p,200000b,80000s
</Users/Hashim/Library/Application Support/MiKTeX/texmfs/install/fonts/type1/public/amsfonts/cm/cmbx12.pfb></Users/Hashim/Library/Application Support/MiKTeX/texmfs/install/fonts/type1/public/amsfonts/cm/cmex10.pfb></Users/Hashim/Library/Application Support/MiKTeX/texmfs/install/fonts/type1/public/amsfonts/cm/cmmi12.pfb></Users/Hashim/Library/Application Support/MiKTeX/texmfs/install/fonts/type1/public/amsfonts/cm/cmmi8.pfb></Users/Hashim/Library/Application Support/MiKTeX/texmfs/install/fonts/type1/public/amsfonts/cm/cmr12.pfb></Users/Hashim/Library/Application Support/MiKTeX/texmfs/install/fonts/type1/public/amsfonts/cm/cmr17.pfb></Users/Hashim/Library/Application Support/MiKTeX/texmfs/install/fonts/type1/public/amsfonts/cm/cmr8.pfb></Users/Hashim/Library/Application Support/MiKTeX/texmfs/install/fonts/type1/public/amsfonts/cm/cmsy10.pfb></Users/Hashim/Library/Application Support/MiKTeX/texmfs/install/fonts/type1/public/amsfonts/cm/cmti12.pfb></Users/Hashim/Library/Application Support/MiKTeX/texmfs/install/fonts/type1/public/amsfonts/symbols/msbm10.pfb>
Output written on main.pdf (11 pages, 389771 bytes).
PDF statistics:
 137 PDF objects out of 1000 (max. 8388607)
 29 named destinations out of 1000 (max. 500000)
 26645 words of extra memory for PDF output out of 29859 (max. 10000000)

